<?xml version="1.0" encoding="UTF-8"?>
<!-- Generated by org.testng.reporters.JUnitXMLReporter -->
<testsuite ignored="4" hostname="DESKTOP-O7P3JCP" failures="0" tests="3" name="Test" time="10.931" errors="0" timestamp="04 Apr 2023 14:41:09 GMT">
  <testcase classname="com.stc.tests.SubscriptionPriceValidationKSATest" name="Subscription Price Validation KSA Test" time="7.464"/>
  <testcase classname="com.stc.tests.SubscriptionCurruncyValidationKSATest" name="Subscription Curruncy Validation KSA Test" time="8.055"/>
  <testcase classname="com.stc.tests.SubscriptionTypeValidationKSATest" name="Subscription Type Validation KSA Test" time="9.129"/>
  <testcase classname="com.stc.tests.BaseTest" name="@BeforeSuite globalSetup" time="0.0">
    <ignored/>
  </testcase> <!-- @BeforeSuite globalSetup -->
  <testcase classname="com.stc.tests.BaseTest" name="@BeforeSuite globalSetup" time="0.0">
    <ignored/>
  </testcase> <!-- @BeforeSuite globalSetup -->
  <testcase classname="com.stc.tests.BaseTest" name="@AfterSuite wrapAllUp" time="0.0">
    <ignored/>
  </testcase> <!-- @AfterSuite wrapAllUp -->
  <testcase classname="com.stc.tests.BaseTest" name="@AfterSuite wrapAllUp" time="0.0">
    <ignored/>
  </testcase> <!-- @AfterSuite wrapAllUp -->
</testsuite> <!-- Test -->
