<?xml version="1.0" encoding="UTF-8"?>
<!-- Generated by org.testng.reporters.JUnitXMLReporter -->
<testsuite ignored="4" hostname="DESKTOP-O7P3JCP" failures="0" tests="3" name="Test2" time="10.37" errors="0" timestamp="04 Apr 2023 14:41:20 GMT">
  <testcase classname="com.stc.tests.SubscriptionCurruncyValidationBAHTest" name="Subscription Curruncy Validation BAH Test" time="7.56"/>
  <testcase classname="com.stc.tests.SubscriptionPriceValidationBAHTest" name="Subscription Price Validation BAH Test" time="7.859"/>
  <testcase classname="com.stc.tests.SubscriptionTypeValidationBAHTest" name="Subscription Type Validation BAH Test" time="8.444"/>
  <testcase classname="com.stc.tests.BaseTest" name="@BeforeSuite globalSetup" time="0.0">
    <ignored/>
  </testcase> <!-- @BeforeSuite globalSetup -->
  <testcase classname="com.stc.tests.BaseTest" name="@BeforeSuite globalSetup" time="0.0">
    <ignored/>
  </testcase> <!-- @BeforeSuite globalSetup -->
  <testcase classname="com.stc.tests.BaseTest" name="@AfterSuite wrapAllUp" time="0.0">
    <ignored/>
  </testcase> <!-- @AfterSuite wrapAllUp -->
  <testcase classname="com.stc.tests.BaseTest" name="@AfterSuite wrapAllUp" time="0.0">
    <ignored/>
  </testcase> <!-- @AfterSuite wrapAllUp -->
</testsuite> <!-- Test2 -->
