<?xml version="1.0" encoding="UTF-8"?>
<!-- Generated by org.testng.reporters.JUnitXMLReporter -->
<testsuite ignored="4" hostname="DESKTOP-O7P3JCP" failures="0" tests="3" name="Test3" time="10.521" errors="0" timestamp="04 Apr 2023 14:41:30 GMT">
  <testcase classname="com.stc.tests.SubscriptionPriceValidationKUWTest" name="Subscription Price Validation KUW Test" time="8.077"/>
  <testcase classname="com.stc.tests.SubscriptionTypeValidationKUWTest" name="Subscription Type Validation KUW Test" time="8.35"/>
  <testcase classname="com.stc.tests.SubscriptionCurruncyValidationKUWTest" name="Subscription Curruncy Validation KUW Test" time="8.66"/>
  <testcase classname="com.stc.tests.BaseTest" name="@BeforeSuite globalSetup" time="0.0">
    <ignored/>
  </testcase> <!-- @BeforeSuite globalSetup -->
  <testcase classname="com.stc.tests.BaseTest" name="@BeforeSuite globalSetup" time="0.0">
    <ignored/>
  </testcase> <!-- @BeforeSuite globalSetup -->
  <testcase classname="com.stc.tests.BaseTest" name="@AfterSuite wrapAllUp" time="0.0">
    <ignored/>
  </testcase> <!-- @AfterSuite wrapAllUp -->
  <testcase classname="com.stc.tests.BaseTest" name="@AfterSuite wrapAllUp" time="0.0">
    <ignored/>
  </testcase> <!-- @AfterSuite wrapAllUp -->
</testsuite> <!-- Test3 -->
